<?xml version="1.0" encoding="UTF-8"?>
<testng-results ignored="0" total="1" passed="1" failed="0" skipped="0">
  <reporter-output>
  </reporter-output>
  <suite started-at="2021-06-25T11:19:19Z" name="Default suite" finished-at="2021-06-25T11:20:01Z" duration-ms="42062">
    <groups>
    </groups>
    <test started-at="2021-06-25T11:19:19Z" name="Default test" finished-at="2021-06-25T11:20:01Z" duration-ms="42062">
      <class name="com.crm.vtigertests.CreateOrganisationWithIndustry">
        <test-method signature="createOrganisationWithIndustryTest()[pri:0, instance:com.crm.vtigertests.CreateOrganisationWithIndustry@55634720]" started-at="2021-06-25T11:19:19Z" name="createOrganisationWithIndustryTest" finished-at="2021-06-25T11:20:01Z" duration-ms="41952" status="PASS">
          <reporter-output>
          </reporter-output>
        </test-method> <!-- createOrganisationWithIndustryTest -->
      </class> <!-- com.crm.vtigertests.CreateOrganisationWithIndustry -->
    </test> <!-- Default test -->
  </suite> <!-- Default suite -->
</testng-results>
