<?xml version="1.0" encoding="UTF-8"?>
<!-- Generated by org.testng.reporters.JUnitXMLReporter -->
<testsuite ignored="0" hostname="LAPTOP-DK6TK74Q" failures="0" tests="2" name="Test" time="65.023" errors="0" timestamp="2021-07-05T12:49:46 IST">
  <testcase classname="com.crm.comcast.VtigerTest.CreateOrganizationTest" name="createOrgTest" time="21.092"/>
  <testcase classname="com.crm.comcast.VtigerTest.CreateOrganizationTest" name="createOrgWithIndustry" time="20.618"/>
</testsuite> <!-- Test -->
